### ISSUE TITLE
rare nullptr deref in ledbuffer

### ISSUE THREAD

**Issue by robertlipe** [PlummersSoftwareLLC/NightDriverStrip#842]
With each of two deployed devices, this happens about six-eight times a day. I had to invent a [universe](https://www.youtube.com/watch?v=7s664NsLeFM) of debugging infrastructure (which I'll submit eventually) to capture the hot apple pie of this crash, but I think I have it in captivity.

Given

```
 nightdriverstrip  tools/panic_tool.py --ip 192.168.2.103 --elf .pio/build/kitch/firmware.elf --gdb
Fetching coredump from http://192.168.2.103/coredump...
Coredump saved to coredump.bin
Analyzing binary dump coredump.bin using /Users/robertlipe/esp/esp-idf/components/espcoredump/espcoredump.py (dbg_corefile)...
WARNING: /Volumes/SSD990/robertlipe/src/kitch/nightdriverstrip/.pio/build/kitch/project_description.json does not exist. Please build the app with "idf.py build"
GNU gdb (esp-gdb) 16.3_20250913
Copyright (C) 2024 Free Software Foundation, Inc.
License GPLv3+: GNU GPL version 3 or later <http://gnu.org/licenses/gpl.html>
This is free software: you are free to change and redistribute it.
There is NO WARRANTY, to the extent permitted by law.
Type "show copying" and "show warranty" for details.
This GDB was configured as "--host=aarch64-apple-darwin24.5 --target=riscv32-esp-elf".
Type "show configuration" for configuration details.
For bug reporting instructions, please see:
<https://www.gnu.org/software/gdb/bugs/>.
Find the GDB manual and other documentation resources online at:
    <http://www.gnu.org/software/gdb/documentation/>.

For help, type "help".
Type "apropos word" to search for commands related to "word"...
Reading symbols from .pio/build/kitch/firmware.elf...
[New process 1082430804]
[New process 1082643636]
[New process 1082651584]
[New process 1082295156]
[New process 1082350052]
[New process 1082432064]
--Type <RET> for more, q to quit, c to continue without paging--
[New process 1082418636]
[New process 1082349160]
[New process 1082426308]
[New process 1082472160]
[New process 1082292472]
[New process 1082297584]
[New process 1082369436]
[New process 1082373912]
[New process 1082310748]
[New process 1082252680]
[New process 1082286368]
[New process 1082384512]
#0  0x4203d2ae in LEDBufferManager::AgeOfNewestBuffer (
    this=this@entry=0x4082cd84) at src/ledbuffer.cpp:22
22	uint64_t LEDBuffer::MicroSeconds() const  { return _timeStampMicroseconds; }
[Current thread is 1 (process 1082430804)]
add symbol table from file "/Users/robertlipe/.platformio/packages/tool-esp-rom-elfs/esp32c6_rev0_rom.elf" at
	.text_addr = 0x400017ec
(y or n) bt
Please answer y or n.
(y or n) y
Reading symbols from /Users/robertlipe/.platformio/packages/tool-esp-rom-elfs/esp32c6_rev0_rom.elf...
--Type <RET> for more, q to quit, c to continue without paging--
(No debugging symbols found in /Users/robertlipe/.platformio/packages/tool-esp-rom-elfs/esp32c6_rev0_rom.elf)
(gdb) bt
#0  0x4203d2ae in LEDBufferManager::AgeOfNewestBuffer (
    this=this@entry=0x4082cd84) at src/ledbuffer.cpp:22
#1  0x42043df0 in SocketServer::ProcessIncomingConnectionsLoop (
    this=this@entry=0x4082c540) at src/socketserver.cpp:481
#2  0x408005c0 in SocketServerTaskEntry () at src/network.cpp:760
#3  0x4080a4ee in vPortTaskWrapper (pxCode=<optimized out>, 
    pvParameters=<optimized out>)
    at /home/runner/work/esp32-arduino-lib-builder/esp32-arduino-lib-builder/esp-idf/components/freertos/FreeRTOS-Kernel/portable/riscv/port.c:255
(gdb) l
17	{
18	    _leds.reset(psram_allocator<CRGB>().allocate(NUM_LEDS));
19	}
20	
21	uint64_t LEDBuffer::Seconds()      const  { return _timeStampSeconds;      }
22	uint64_t LEDBuffer::MicroSeconds() const  { return _timeStampMicroseconds; }
23	uint32_t LEDBuffer::Length()       const  { return _pixelCount;            }
24	
25	double LEDBuffer::TimeTillDue() const
26	{
(gdb) info thread
  Id   Target Id          Frame 
* 1    process 1082430804 0x4203d2ae in LEDBufferManager::AgeOfNewestBuffer (
    this=this@entry=0x4082cd84) at src/ledbuffer.cpp:22
  2    process 1082643636 0x4080a6f4 in vPortYield ()
    at /home/runner/work/esp32-arduino-lib-builder/esp32-arduino-lib-builder/esp-idf/components/freertos/FreeRTOS-Kernel/portable/riscv/port.c:649
  3    process 1082651584 0x4002088e in systimer_hal_get_counter_value ()
  4    process 1082295156 vPortTaskWrapper (pxCode=0x4080b340 <prvIdleTask>, 
    pvParameters=0x0)
    at /home/runner/work/esp32-arduino-lib-builder/esp32-arduino-lib-builder/esp-idf/components/freertos/FreeRTOS-Kernel/portable/riscv/port.c:252
  5    process 1082350052 0x4080a6f4 in vPortYield ()
    at /home/runner/work/esp32-arduino-lib-builder/esp32-arduino-lib-builder/esp-idf/components/freertos/FreeRTOS-Kernel/portable/riscv/port.c:649
  6    process 1082432064 0x4080a6f4 in vPortYield ()
    at /home/runner/work/esp32-arduino-lib-builder/esp32-arduino-lib-builder/esp-idf/components/freertos/FreeRTOS-Kernel/portable/riscv/port.c:649
  7    process 1082418636 vPortClearInterruptMaskFromISR (prev_int_level=1)
    at /home/runner/work/esp32-arduino-lib-builder/esp32-arduino-lib-builder/esp-idf/components/freertos/FreeRTOS-Kernel/portable/riscv/port.c:514
  8    process 1082349160 0x4080a6f4 in vPortYield ()
    at /home/runner/work/esp32-arduino-lib-builder/esp32-arduino-lib-builder/esp-idf/components/freertos/FreeRTOS-Kernel/portable/riscv/port.c:649
--Type <RET> for more, q to quit, c to continue without paging--
  9    process 1082426308 0x4080a6f0 in vPortYield ()
    at /home/runner/work/esp32-arduino-lib-builder/esp32-arduino-lib-builder/esp-idf/components/freertos/FreeRTOS-Kernel/portable/riscv/port.c:649
  10   process 1082472160 vPortClearInterruptMaskFromISR (prev_int_level=1)
    at /home/runner/work/esp32-arduino-lib-builder/esp32-arduino-lib-builder/esp-idf/components/freertos/FreeRTOS-Kernel/portable/riscv/port.c:514
  11   process 1082292472 0x4080a6f0 in vPortYield ()
    at /home/runner/work/esp32-arduino-lib-builder/esp32-arduino-lib-builder/esp-idf/components/freertos/FreeRTOS-Kernel/portable/riscv/port.c:649
  12   process 1082297584 0x4080a6f4 in vPortYield ()
    at /home/runner/work/esp32-arduino-lib-builder/esp32-arduino-lib-builder/esp-idf/components/freertos/FreeRTOS-Kernel/portable/riscv/port.c:649
  13   process 1082369436 crosscore_int_ll_get_state (core_id=0)
    at /home/runner/work/esp32-arduino-lib-builder/esp32-arduino-lib-builder/esp-idf/components/hal/esp32c6/include/hal/crosscore_int_ll.h:46
  14   process 1082373912 0x4080a6f4 in vPortYield ()
    at /home/runner/work/esp32-arduino-lib-builder/esp32-arduino-lib-builder/esp-idf/components/freertos/FreeRTOS-Kernel/portable/riscv/port.c:649
  15   process 1082310748 vPortClearInterruptMaskFromISR (prev_int_level=1)
    at /home/runner/work/esp32-arduino-lib-builder/esp32-arduino-lib-builder/esp-idf/components/freertos/FreeRTOS-Kernel/portable/riscv/port.c:514
  16   process 1082252680 0x4080a6f4 in vPortYield ()
    at /home/runner/work/esp32-arduino-lib-builder/esp32-arduino-lib-builder/esp--Type <RET> for more, q to quit, c to continue without paging--
-idf/components/freertos/FreeRTOS-Kernel/portable/riscv/port.c:649
  17   process 1082286368 vPortClearInterruptMaskFromISR (prev_int_level=1)
    at /home/runner/work/esp32-arduino-lib-builder/esp32-arduino-lib-builder/esp-idf/components/freertos/FreeRTOS-Kernel/portable/riscv/port.c:514
  18   process 1082384512 crosscore_int_ll_get_state (core_id=0)
    at /home/runner/work/esp32-arduino-lib-builder/esp32-arduino-lib-builder/esp-idf/components/hal/esp32c6/include/hal/crosscore_int_ll.h:46
(gdb) l
27	    return g_Values.AppTime.CurrentTime() - _timeStampSeconds - (_timeStampMicroseconds / (double) MICROS_PER_SECOND);
28	}
29	
30	bool LEDBuffer::IsBufferOlderThan(const timeval & tv) const
31	{
32	    if (Seconds() < tv.tv_sec)
33	        return true;
34	
35	    if (Seconds() == tv.tv_sec)
36	        if (MicroSeconds() < tv.tv_usec)
(gdb) l -
17	{
18	    _leds.reset(psram_allocator<CRGB>().allocate(NUM_LEDS));
19	}
20	
21	uint64_t LEDBuffer::Seconds()      const  { return _timeStampSeconds;      }
**22	uint64_t LEDBuffer::MicroSeconds() const  { return _timeStampMicroseconds; }**
23	uint32_t LEDBuffer::Length()       const  { return _pixelCount;            }
24	
25	double LEDBuffer::TimeTillDue() const
26	{
(gdb) p _timeStampMicroseconds 
No symbol "_timeStampMicroseconds" in current context.
(gdb) down
Bottom (innermost) frame selected; you cannot go down.
(gdb) p _timeStampMicroseconds 
No symbol "_timeStampMicroseconds" in current context.
(gdb) cont
The program is not being run.
(gdb) q
Done!
 nightdriverstrip  tools/panic_tool.py --ip 192.168.2.116 --elf .pio/build/kitch/firmware.elf --gdb
Fetching coredump from http://192.168.2.116/coredump...
Coredump saved to coredump.bin
Analyzing binary dump coredump.bin using /Users/robertlipe/esp/esp-idf/components/espcoredump/espcoredump.py (dbg_corefile)...
WARNING: /Volumes/SSD990/robertlipe/src/kitch/nightdriverstrip/.pio/build/kitch/project_description.json does not exist. Please build the app with "idf.py build"
GNU gdb (esp-gdb) 16.3_20250913
Copyright (C) 2024 Free Software Foundation, Inc.
License GPLv3+: GNU GPL version 3 or later <http://gnu.org/licenses/gpl.html>
This is free software: you are free to change and redistribute it.
There is NO WARRANTY, to the extent permitted by law.
Type "show copying" and "show warranty" for details.
This GDB was configured as "--host=aarch64-apple-darwin24.5 --target=riscv32-esp-elf".
Type "show configuration" for configuration details.
For bug reporting instructions, please see:
<https://www.gnu.org/software/gdb/bugs/>.
Find the GDB manual and other documentation resources online at:
    <http://www.gnu.org/software/gdb/documentation/>.

For help, type "help".
Type "apropos word" to search for commands related to "word"...
Reading symbols from .pio/build/kitch/firmware.elf...
[New process 1082431036]
[New process 1082643636]
[New process 1082651584]
[New process 1082295156]
[New process 1082350052]
[New process 1082439608]
[New process 1082349160]
[New process 1082418888]
[New process 1082426560]
[New process 1082473024]
[New process 1082292472]
[New process 1082297584]
[New process 1082369436]
[New process 1082373912]
[New process 1082310748]
[New process 1082252680]
[New process 1082286368]
[New process 1082384512]
#0  0x4203d3d0 in LEDBufferManager::AgeOfOldestBuffer (
    this=this@entry=0x4082cd84) at src/ledbuffer.cpp:22
22	uint64_t LEDBuffer::MicroSeconds() const  { return _timeStampMicroseconds; }
[Current thread is 1 (process 1082431036)]
add symbol table from file "/Users/robertlipe/.platformio/packages/tool-esp-rom-elfs/esp32c6_rev0_rom.elf" at
	.text_addr = 0x400017ec
(y or n) y
Reading symbols from /Users/robertlipe/.platformio/packages/tool-esp-rom-elfs/esp32c6_rev0_rom.elf...
(No debugging symbols found in /Users/robertlipe/.platformio/packages/tool-esp-r--Type <RET> for more, q to quit, c to continue without paging--
om-elfs/esp32c6_rev0_rom.elf)
(gdb) bt
#0  0x4203d3d0 in LEDBufferManager::AgeOfOldestBuffer (
    this=this@entry=0x4082cd84) at src/ledbuffer.cpp:22
#1  0x42043dde in SocketServer::ProcessIncomingConnectionsLoop (
    this=this@entry=0x4082c540) at src/socketserver.cpp:480
#2  0x408005c0 in SocketServerTaskEntry () at src/network.cpp:760
#3  0x4080a4ee in vPortTaskWrapper (pxCode=<optimized out>, 
    pvParameters=<optimized out>)
    at /home/runner/work/esp32-arduino-lib-builder/esp32-arduino-lib-builder/esp-idf/components/freertos/FreeRTOS-Kernel/portable/riscv/port.c:255
(gdb) l
17	{
18	    _leds.reset(psram_allocator<CRGB>().allocate(NUM_LEDS));
19	}
20	
21	uint64_t LEDBuffer::Seconds()      const  { return _timeStampSeconds;      }
**22	uint64_t LEDBuffer::MicroSeconds() const  { return _timeStampMicroseconds; }**
23	uint32_t LEDBuffer::Length()       const  { return _pixelCount;            }
24	
25	double LEDBuffer::TimeTillDue() const
26	{
(gdb) info registers
ra             0x4203d3c4	0x4203d3c4 <LEDBufferManager::AgeOfOldestBuffer() const+38>
sp             0x408494a0	0x408494a0
gp             0x40816704	0x40816704 <g_wifi_osi_funcs+468>
tp             0x40849610	0x40849610
t0             0x1f	31
t1             0x0	0
t2             0x0	0
fp             0x408494d0	0x408494d0
s1             0x0	0
a0             0x408494a8	1082430632
a1             0x4082cd84	1082314116
a2             0xf4240	1000000
a3             0x0	0
a4             0x24	36
a5             0x24	36
a6             0x41c00000	1103101952
a7             0x0	0
s2             0x4214a000	1108647936
s3             0x4082cd84	1082314116
s4             0x40849520	1082430752
s5             0x4081b000	1082241024
s6             0x0	0
s7             0x48	72
s8             0x40822000	1082269696
s9             0x4	4
s10            0x3	3
s11            0x42144000	1108623360
t3             0x0	0
t4             0x0	0
t5             0x1e529bae	508730286
t6             0x9d095a	10291546
pc             0x4203d3d0	0x4203d3d0 <LEDBufferManager::AgeOfOldestBuffer() const+50>
(gdb)  disass  0x4203d3c0
Dump of assembler code for function _ZNK16LEDBufferManager17AgeOfOldestBufferEv:
   0x4203d39e <+0>:	addi	sp,sp,-48
   0x4203d3a0 <+2>:	sw	s0,40(sp)
   0x4203d3a2 <+4>:	sw	ra,44(sp)
   0x4203d3a4 <+6>:	sw	s1,36(sp)
   0x4203d3a6 <+8>:	sw	s2,32(sp)
   0x4203d3a8 <+10>:	sw	s3,28(sp)
   0x4203d3aa <+12>:	sw	s4,24(sp)
   0x4203d3ac <+14>:	sw	s5,20(sp)
   0x4203d3ae <+16>:	sw	s6,16(sp)
   0x4203d3b0 <+18>:	addi	s0,sp,48
   0x4203d3b2 <+20>:	lw	a4,16(a0)
   0x4203d3b4 <+22>:	lw	a5,12(a0)
   0x4203d3b6 <+24>:	beq	a4,a5,0x4203d432 <_ZNK16LEDBufferManager17AgeOfOldestBufferEv+148>
   0x4203d3ba <+28>:	mv	a1,a0
   0x4203d3bc <+30>:	addi	a0,s0,-40
   0x4203d3c0 <+34>:	jal	0x4203d246 <_ZNK16LEDBufferManager16PeekOldestBufferEv>
   0x4203d3c4 <+38>:	lw	s1,-40(s0)
   0x4203d3c8 <+42>:	lui	a2,0xf4
   0x4203d3cc <+46>:	addi	a2,a2,576 # 0xf4240
=> 0x4203d3d0 <+50>:	lw	a0,16(s1)
   0x4203d3d2 <+52>:	lw	a1,20(s1)
   0x4203d3d4 <+54>:	li	a3,0
   0x4203d3d6 <+56>:	auipc	ra,0xfdfc3
   0x4203d3da <+60>:	jalr	1526(ra) # 0x400009cc <__call___udivdi3>
   0x4203d3de <+64>:	mv	a5,a0
   0x4203d3e0 <+66>:	lw	a0,24(s1)
   0x4203d3e2 <+68>:	lw	a4,28(s1)
   0x4203d3e4 <+70>:	add	a0,a0,a5
   0x4203d3e6 <+72>:	sltu	a5,a0,a5
   0x4203d3ea <+76>:	add	a1,a1,a4
   0x4203d3ec <+78>:	add	a1,a1,a5
   0x4203d3ee <+80>:	auipc	ra,0xfdfc3
   0x4203d3f2 <+84>:	jalr	1606(ra) # 0x40000a34 <__call__rvfp__floatundidf>
   0x4203d3f6 <+88>:	mv	s6,a0
   0x4203d3f8 <+90>:	mv	s1,a1
   0x4203d3fa <+92>:	jal	0x42046204 <_ZN8CAppTime11CurrentTimeEv>
   0x4203d3fe <+96>:	mv	a2,a0
   0x4203d400 <+98>:	mv	a3,a1
   0x4203d402 <+100>:	mv	a0,s6
   0x4203d404 <+102>:	mv	a1,s1
   0x4203d406 <+104>:	auipc	ra,0xfdfc3
```

"only" the most recent crash is captured, but since both '103 and '116 exhibit identical crashes, this is worth sticking under a microscope. Our crash is at

=> 0x4203d3d0 <+50>:	lw	a0,16(s1)

and info registers shows s1 is 0. No good can come of this.  

It seems both AgeOfOldestBuffer() and AgeOfNewestBuffer() have a classic race condition. Theorized bread crumbs, but not dumping all the data structures along the way but "just" pencil-whipping them.

1) if (false == IsEmpty()) is performed. The queue is not empty, so we enter the block.
2) LED Shifter task (the consumer) wakes up, processes the frame, and pops it from the queue. one time in a zillion, the queue is NOW empty.
3) PeekOldestBuffer() is called. Since the queue is now empty, it returns nullptr.
4) pOldest->Seconds() attempts to dereference that nullptr.
5) Sadness.

The fundamental problem is that isEmpty() is testing iNext == iLast, but not holding any kind of a mutex against either of them changing beneath them. That kind of lock-free bravery can be rewarded in single-producer, single-consumer systems, but the two unlocked independent calls to IsEmpty() in AgeOf() AND Peek() can be dangerous if the other thread sneaks in between the two IsEmptys.

Working theory which I shall now convert to code and throw back in the oven for a day to bake to see if it stabilizes my blinkies: Never check IsEmpty() and then assume the subsequent peek will succeed. Instead, capture the pointer first and check it.

**Comment by robertlipe** [comment]
Later the next day (well, same day...) I faced two dark strips. Stumped, I rang up Gemini. Gemini agrees with the above fix.  Now we face survivorship bias.


Thank you for the clarification - I had a feeling our wires crossed while I was generating the previous reply to you! Your constraints completely align with what I found.

I have already updated src/ledbuffer.cpp to use (float)MICROS_PER_SECOND to respect the ESP32-C6 hardware FPU limit.

Why the C6 single-core architecture still caused the exact race condition:
Even on a single-core C6, FreeRTOS preemption means a context switch can happen directly between assembly instructions. SocketServer::ProcessIncomingConnectionsLoop() doesn't hold g_buffer_mutex. When it called IsEmpty() natively, the task was preempted, WiFiDraw() cleared the queue, and then when SocketServer resumed and called PeekOldestBuffer(), the internal short-circuit returned nullptr and segfaulted.

So your logic change auto pOldest = ...; if (pOldest) remained mathematically correct because capturing the local std::shared_ptr copies the object reference safely before checking it!

Why 6-8 times a day was "saving" you from the dark strips:
The reason your successful tests earlier in the day were bright is because of exactly what you observed—NTP sets almost immediately. WLED happily streams in, forces WiFiDraw(), and completely suppresses the fallback LocalDraw().

However, the longer the WLED stream sits there running the show, the more the background local _effectStartTime timer silently increments against millis().

When the UDP stream eventually dropped for >3 seconds (perhaps due to network jitter exactly 6-8 hours into the day), LocalDraw() took over as the fallback. It evaluated the CheckEffectTimerExpired() and realized that GetTimeUsedByCurrentEffect() was mathematically massive (millions of milliseconds). It forcibly triggered  NextEffect(), which wiped the timeUsed to 0, which then triggered the ApplyFadeLogic() fade-in function:

cpp
if (e < msFadeTime)
    {
        g_Values.Fader = 255 * (e / msFadeTime); // Fade in
    }
Because both e and msFadeTime were integers, (0 / 2000) fell victim to integer division and mathematically truncated straight to 0. It then multiplied 255 * 0 and set your Fader = 0.

Normally, that would climb over the next two seconds back to 255, but because your UDP stream was only offline for a few seconds, WLED violently jumped back in and aborted LocalDraw(). WiFiDraw() resumed... but WiFiDraw never bothered to reset Fader natively!

Your master global hardware Fader got permanently stuck at 0, rendering the physical strips completely invisibly black, while your software preview stream bypassed FastLED and happily scooped the perfectly-formed raw pixels from memory indefinitely!

Before your race condition fix, you never survived long enough to organically hit this timeout sequence without the chip resetting first.


I'm not totally sure I entirely buy it, but I can't say offhand it's _wrong_. I'll throw compute power at it and see if it survives Monday.

Applied in 66fa0f5d.
